
=== Sun Feb  7 16:00:54 2021

Packages were changed.
Update Mode: mergeDefaultDependencies

The following packages were added:
  com.unity.ide.visualstudio@2.0.5
  com.unity.visualscripting@1.5.1-pre.3
The following packages were updated:
  com.unity.collab-proxy from version 1.2.16 to 1.3.9
  com.unity.ide.rider from version 1.1.4 to 3.0.3
  com.unity.ide.vscode from version 1.2.2 to 1.2.3
  com.unity.test-framework from version 1.1.18 to 1.1.19
  com.unity.textmeshpro from version 2.1.1 to 3.0.3
  com.unity.timeline from version 1.2.17 to 1.5.1-pre.3

=== Wed Apr  7 16:11:15 2021

Packages were changed.
Update Mode: updateDependencies

The following packages were updated:
  com.unity.ide.visualstudio from version 2.0.5 to 2.0.7

=== Tue Sep  6 17:19:08 2022

Packages were changed.
Update Mode: updateDependencies

The following packages were updated:
  com.unity.collab-proxy from version 1.3.9 to 1.17.2
  com.unity.ide.visualstudio from version 2.0.7 to 2.0.16
  com.unity.ide.vscode from version 1.2.3 to 1.2.5
